This file contains any messages produced by compilers while
running configure, to aid debugging if configure makes a mistake.

It was created by AGWX configure 2.0.0, which was
generated by GNU Autoconf 2.71.  Invocation command line was

  $ ./config/configure

## --------- ##
## Platform. ##
## --------- ##

hostname = doncamillo
uname -m = x86_64
uname -r = 4.15.0-171-generic
uname -s = Linux
uname -v = #180-Ubuntu SMP Wed Mar 2 17:25:05 UTC 2022

/usr/bin/uname -p = unknown
/bin/uname -X     = unknown

/bin/arch              = unknown
/usr/bin/arch -k       = unknown
/usr/convex/getsysinfo = unknown
/usr/bin/hostinfo      = unknown
/bin/machine           = unknown
/usr/bin/oslevel       = unknown
/bin/universe          = unknown

PATH: /home/apintus/.local/bin/
PATH: /usr/local/sbin/
PATH: /usr/local/bin/
PATH: /usr/sbin/
PATH: /usr/bin/
PATH: /sbin/
PATH: /bin/
PATH: /usr/games/
PATH: /usr/local/games/
PATH: /snap/bin/
PATH: /home/apintus/AGWX/bin/


## ----------- ##
## Core tests. ##
## ----------- ##

configure:2408: looking for aux files: config.guess config.sub
configure:2421:  trying ./config/
configure:2450:   ./config/config.guess found
configure:2450:   ./config/config.sub found
configure:2678: checking build system type
configure:2693: result: x86_64-unknown-linux-gnu
configure:2717: checking ARCH
configure:2765: result: x86_64
configure:2787: checking setting AR... 
configure:2793: result: ar
configure:2797: checking setting ARFLAGS... 
configure:2812: result: ruv
configure:2899: checking for gfortran
configure:2920: found /usr/bin/gfortran
configure:2931: result: gfortran
configure:2957: checking for Fortran compiler version
configure:2966: gfortran --version >&5
GNU Fortran (Ubuntu 7.5.0-3ubuntu1~18.04) 7.5.0
Copyright (C) 2017 Free Software Foundation, Inc.
This is free software; see the source for copying conditions.  There is NO
warranty; not even for MERCHANTABILITY or FITNESS FOR A PARTICULAR PURPOSE.

configure:2977: $? = 0
configure:2966: gfortran -v >&5
Using built-in specs.
COLLECT_GCC=gfortran
COLLECT_LTO_WRAPPER=/usr/lib/gcc/x86_64-linux-gnu/7/lto-wrapper
OFFLOAD_TARGET_NAMES=nvptx-none
OFFLOAD_TARGET_DEFAULT=1
Target: x86_64-linux-gnu
Configured with: ../src/configure -v --with-pkgversion='Ubuntu 7.5.0-3ubuntu1~18.04' --with-bugurl=file:///usr/share/doc/gcc-7/README.Bugs --enable-languages=c,ada,c++,go,brig,d,fortran,objc,obj-c++ --prefix=/usr --with-gcc-major-version-only --program-suffix=-7 --program-prefix=x86_64-linux-gnu- --enable-shared --enable-linker-build-id --libexecdir=/usr/lib --without-included-gettext --enable-threads=posix --libdir=/usr/lib --enable-nls --enable-bootstrap --enable-clocale=gnu --enable-libstdcxx-debug --enable-libstdcxx-time=yes --with-default-libstdcxx-abi=new --enable-gnu-unique-object --disable-vtable-verify --enable-libmpx --enable-plugin --enable-default-pie --with-system-zlib --with-target-system-zlib --enable-objc-gc=auto --enable-multiarch --disable-werror --with-arch-32=i686 --with-abi=m64 --with-multilib-list=m32,m64,mx32 --enable-multilib --with-tune=generic --enable-offload-targets=nvptx-none --without-cuda-driver --enable-checking=release --build=x86_64-linux-gnu --host=x86_64-linux-gnu --target=x86_64-linux-gnu
Thread model: posix
gcc version 7.5.0 (Ubuntu 7.5.0-3ubuntu1~18.04) 
configure:2977: $? = 0
configure:2966: gfortran -V >&5
gfortran: error: unrecognized command line option '-V'
gfortran: fatal error: no input files
compilation terminated.
configure:2977: $? = 1
configure:2966: gfortran -qversion >&5
gfortran: error: unrecognized command line option '-qversion'; did you mean '--version'?
gfortran: fatal error: no input files
compilation terminated.
configure:2977: $? = 1
configure:2986: checking whether the compiler supports GNU Fortran
configure:3000: gfortran -c   conftest.F >&5
configure:3000: $? = 0
configure: failed program was:
|       program main
| #ifndef __GNUC__
|        choke me
| #endif
| 
|       end
configure:3010: result: no
configure:3018: checking whether gfortran accepts -g
configure:3030: gfortran -c -g  conftest.f >&5
configure:3030: $? = 0
configure: failed program was:
|       program main
| 
|       end
configure:3039: result: no
configure:3289: checking for Fortran compiler version
configure:3298: gfortran --version >&5
GNU Fortran (Ubuntu 7.5.0-3ubuntu1~18.04) 7.5.0
Copyright (C) 2017 Free Software Foundation, Inc.
This is free software; see the source for copying conditions.  There is NO
warranty; not even for MERCHANTABILITY or FITNESS FOR A PARTICULAR PURPOSE.

configure:3309: $? = 0
configure:3298: gfortran -v >&5
Using built-in specs.
COLLECT_GCC=gfortran
COLLECT_LTO_WRAPPER=/usr/lib/gcc/x86_64-linux-gnu/7/lto-wrapper
OFFLOAD_TARGET_NAMES=nvptx-none
OFFLOAD_TARGET_DEFAULT=1
Target: x86_64-linux-gnu
Configured with: ../src/configure -v --with-pkgversion='Ubuntu 7.5.0-3ubuntu1~18.04' --with-bugurl=file:///usr/share/doc/gcc-7/README.Bugs --enable-languages=c,ada,c++,go,brig,d,fortran,objc,obj-c++ --prefix=/usr --with-gcc-major-version-only --program-suffix=-7 --program-prefix=x86_64-linux-gnu- --enable-shared --enable-linker-build-id --libexecdir=/usr/lib --without-included-gettext --enable-threads=posix --libdir=/usr/lib --enable-nls --enable-bootstrap --enable-clocale=gnu --enable-libstdcxx-debug --enable-libstdcxx-time=yes --with-default-libstdcxx-abi=new --enable-gnu-unique-object --disable-vtable-verify --enable-libmpx --enable-plugin --enable-default-pie --with-system-zlib --with-target-system-zlib --enable-objc-gc=auto --enable-multiarch --disable-werror --with-arch-32=i686 --with-abi=m64 --with-multilib-list=m32,m64,mx32 --enable-multilib --with-tune=generic --enable-offload-targets=nvptx-none --without-cuda-driver --enable-checking=release --build=x86_64-linux-gnu --host=x86_64-linux-gnu --target=x86_64-linux-gnu
Thread model: posix
gcc version 7.5.0 (Ubuntu 7.5.0-3ubuntu1~18.04) 
configure:3309: $? = 0
configure:3298: gfortran -V >&5
gfortran: error: unrecognized command line option '-V'
gfortran: fatal error: no input files
compilation terminated.
configure:3309: $? = 1
configure:3298: gfortran -qversion >&5
gfortran: error: unrecognized command line option '-qversion'; did you mean '--version'?
gfortran: fatal error: no input files
compilation terminated.
configure:3309: $? = 1
configure:3324: checking whether the Fortran compiler works
configure:3346: gfortran    conftest.f  >&5
configure:3350: $? = 0
configure:3400: result: yes
configure:3403: checking for Fortran compiler default output file name
configure:3405: result: a.out
configure:3411: checking for suffix of executables
configure:3418: gfortran -o conftest    conftest.f  >&5
configure:3422: $? = 0
configure:3445: result: 
configure:3461: checking whether we are cross compiling
configure:3469: gfortran -o conftest    conftest.f  >&5
configure:3473: $? = 0
configure:3480: ./conftest
configure:3484: $? = 0
configure:3499: result: no
configure:3504: checking for suffix of object files
configure:3521: gfortran -c   conftest.f >&5
configure:3525: $? = 0
configure:3547: result: o
configure:3555: checking whether the compiler supports GNU Fortran
configure:3579: result: no
configure:3587: checking whether gfortran accepts -g
configure:3608: result: no
configure:3642: checking for Fortran flag to compile .f90 files
configure:3663: gfortran -c   conftest.f90 >&5
configure:3663: $? = 0
configure:3673: result: none
configure:3763: checking for mpif90
configure:3784: found /usr/bin/mpif90
configure:3795: result: mpif90
configure:3821: checking for Fortran compiler version
configure:3830: mpif90 --version >&5
GNU Fortran (Ubuntu 7.5.0-3ubuntu1~18.04) 7.5.0
Copyright (C) 2017 Free Software Foundation, Inc.
This is free software; see the source for copying conditions.  There is NO
warranty; not even for MERCHANTABILITY or FITNESS FOR A PARTICULAR PURPOSE.

configure:3841: $? = 0
configure:3830: mpif90 -v >&5
Using built-in specs.
COLLECT_GCC=/usr/bin/gfortran
COLLECT_LTO_WRAPPER=/usr/lib/gcc/x86_64-linux-gnu/7/lto-wrapper
OFFLOAD_TARGET_NAMES=nvptx-none
OFFLOAD_TARGET_DEFAULT=1
Target: x86_64-linux-gnu
Configured with: ../src/configure -v --with-pkgversion='Ubuntu 7.5.0-3ubuntu1~18.04' --with-bugurl=file:///usr/share/doc/gcc-7/README.Bugs --enable-languages=c,ada,c++,go,brig,d,fortran,objc,obj-c++ --prefix=/usr --with-gcc-major-version-only --program-suffix=-7 --program-prefix=x86_64-linux-gnu- --enable-shared --enable-linker-build-id --libexecdir=/usr/lib --without-included-gettext --enable-threads=posix --libdir=/usr/lib --enable-nls --enable-bootstrap --enable-clocale=gnu --enable-libstdcxx-debug --enable-libstdcxx-time=yes --with-default-libstdcxx-abi=new --enable-gnu-unique-object --disable-vtable-verify --enable-libmpx --enable-plugin --enable-default-pie --with-system-zlib --with-target-system-zlib --enable-objc-gc=auto --enable-multiarch --disable-werror --with-arch-32=i686 --with-abi=m64 --with-multilib-list=m32,m64,mx32 --enable-multilib --with-tune=generic --enable-offload-targets=nvptx-none --without-cuda-driver --enable-checking=release --build=x86_64-linux-gnu --host=x86_64-linux-gnu --target=x86_64-linux-gnu
Thread model: posix
gcc version 7.5.0 (Ubuntu 7.5.0-3ubuntu1~18.04) 
configure:3841: $? = 0
configure:3830: mpif90 -V >&5
gfortran: error: unrecognized command line option '-V'
gfortran: fatal error: no input files
compilation terminated.
configure:3841: $? = 1
configure:3830: mpif90 -qversion >&5
gfortran: error: unrecognized command line option '-qversion'; did you mean '--version'?
gfortran: fatal error: no input files
compilation terminated.
configure:3841: $? = 1
configure:3850: checking whether the compiler supports GNU Fortran
configure:3864: mpif90 -c   conftest.F >&5
configure:3864: $? = 0
configure:3874: result: yes
configure:3882: checking whether mpif90 accepts -g
configure:3894: mpif90 -c -g  conftest.f90 >&5
configure:3894: $? = 0
configure:3903: result: yes
configure:4439: checking for cc
configure:4460: found /usr/bin/cc
configure:4471: result: cc
configure:4502: checking for C compiler version
configure:4511: cc --version >&5
cc (Ubuntu 7.5.0-3ubuntu1~18.04) 7.5.0
Copyright (C) 2017 Free Software Foundation, Inc.
This is free software; see the source for copying conditions.  There is NO
warranty; not even for MERCHANTABILITY or FITNESS FOR A PARTICULAR PURPOSE.

configure:4522: $? = 0
configure:4511: cc -v >&5
Using built-in specs.
COLLECT_GCC=cc
COLLECT_LTO_WRAPPER=/usr/lib/gcc/x86_64-linux-gnu/7/lto-wrapper
OFFLOAD_TARGET_NAMES=nvptx-none
OFFLOAD_TARGET_DEFAULT=1
Target: x86_64-linux-gnu
Configured with: ../src/configure -v --with-pkgversion='Ubuntu 7.5.0-3ubuntu1~18.04' --with-bugurl=file:///usr/share/doc/gcc-7/README.Bugs --enable-languages=c,ada,c++,go,brig,d,fortran,objc,obj-c++ --prefix=/usr --with-gcc-major-version-only --program-suffix=-7 --program-prefix=x86_64-linux-gnu- --enable-shared --enable-linker-build-id --libexecdir=/usr/lib --without-included-gettext --enable-threads=posix --libdir=/usr/lib --enable-nls --enable-bootstrap --enable-clocale=gnu --enable-libstdcxx-debug --enable-libstdcxx-time=yes --with-default-libstdcxx-abi=new --enable-gnu-unique-object --disable-vtable-verify --enable-libmpx --enable-plugin --enable-default-pie --with-system-zlib --with-target-system-zlib --enable-objc-gc=auto --enable-multiarch --disable-werror --with-arch-32=i686 --with-abi=m64 --with-multilib-list=m32,m64,mx32 --enable-multilib --with-tune=generic --enable-offload-targets=nvptx-none --without-cuda-driver --enable-checking=release --build=x86_64-linux-gnu --host=x86_64-linux-gnu --target=x86_64-linux-gnu
Thread model: posix
gcc version 7.5.0 (Ubuntu 7.5.0-3ubuntu1~18.04) 
configure:4522: $? = 0
configure:4511: cc -V >&5
cc: error: unrecognized command line option '-V'
cc: fatal error: no input files
compilation terminated.
configure:4522: $? = 1
configure:4511: cc -qversion >&5
cc: error: unrecognized command line option '-qversion'; did you mean '--version'?
cc: fatal error: no input files
compilation terminated.
configure:4522: $? = 1
configure:4511: cc -version >&5
cc: error: unrecognized command line option '-version'
cc: fatal error: no input files
compilation terminated.
configure:4522: $? = 1
configure:4526: checking whether the compiler supports GNU C
configure:4546: cc -c   conftest.c >&5
configure:4546: $? = 0
configure:4556: result: yes
configure:4567: checking whether cc accepts -g
configure:4588: cc -c -g  conftest.c >&5
configure:4588: $? = 0
configure:4632: result: yes
configure:4652: checking for cc option to enable C11 features
configure:4667: cc  -c -g -O2  conftest.c >&5
configure:4667: $? = 0
configure:4685: result: none needed
configure:4863: checking for the size of a pointer
configure:4875: cc -g -O2 -o pointertest.x pointertest.c 1>&5
configure:4878: $? = 0
configure:4892: result: 8 bytes
configure:4957: checking for g77
configure:4992: result: no
configure:4957: checking for xlf
configure:4992: result: no
configure:4957: checking for f77
configure:4978: found /usr/bin/f77
configure:4989: result: f77
configure:5015: checking for Fortran 77 compiler version
configure:5024: f77 --version >&5
GNU Fortran (Ubuntu 7.5.0-3ubuntu1~18.04) 7.5.0
Copyright (C) 2017 Free Software Foundation, Inc.
This is free software; see the source for copying conditions.  There is NO
warranty; not even for MERCHANTABILITY or FITNESS FOR A PARTICULAR PURPOSE.

configure:5035: $? = 0
configure:5024: f77 -v >&5
Using built-in specs.
COLLECT_GCC=f77
COLLECT_LTO_WRAPPER=/usr/lib/gcc/x86_64-linux-gnu/7/lto-wrapper
OFFLOAD_TARGET_NAMES=nvptx-none
OFFLOAD_TARGET_DEFAULT=1
Target: x86_64-linux-gnu
Configured with: ../src/configure -v --with-pkgversion='Ubuntu 7.5.0-3ubuntu1~18.04' --with-bugurl=file:///usr/share/doc/gcc-7/README.Bugs --enable-languages=c,ada,c++,go,brig,d,fortran,objc,obj-c++ --prefix=/usr --with-gcc-major-version-only --program-suffix=-7 --program-prefix=x86_64-linux-gnu- --enable-shared --enable-linker-build-id --libexecdir=/usr/lib --without-included-gettext --enable-threads=posix --libdir=/usr/lib --enable-nls --enable-bootstrap --enable-clocale=gnu --enable-libstdcxx-debug --enable-libstdcxx-time=yes --with-default-libstdcxx-abi=new --enable-gnu-unique-object --disable-vtable-verify --enable-libmpx --enable-plugin --enable-default-pie --with-system-zlib --with-target-system-zlib --enable-objc-gc=auto --enable-multiarch --disable-werror --with-arch-32=i686 --with-abi=m64 --with-multilib-list=m32,m64,mx32 --enable-multilib --with-tune=generic --enable-offload-targets=nvptx-none --without-cuda-driver --enable-checking=release --build=x86_64-linux-gnu --host=x86_64-linux-gnu --target=x86_64-linux-gnu
Thread model: posix
gcc version 7.5.0 (Ubuntu 7.5.0-3ubuntu1~18.04) 
configure:5035: $? = 0
configure:5024: f77 -V >&5
f77: error: unrecognized command line option '-V'
f77: fatal error: no input files
compilation terminated.
configure:5035: $? = 1
configure:5024: f77 -qversion >&5
f77: error: unrecognized command line option '-qversion'; did you mean '--version'?
f77: fatal error: no input files
compilation terminated.
configure:5035: $? = 1
configure:5044: checking whether the compiler supports GNU Fortran 77
configure:5058: f77 -c  conftest.F >&5
configure:5058: $? = 0
configure:5068: result: yes
configure:5076: checking whether f77 accepts -g
configure:5088: f77 -c -g conftest.f >&5
configure:5088: $? = 0
configure:5097: result: yes
configure:5126: checking host system type
configure:5140: result: x86_64-unknown-linux-gnu
configure:5165: checking how to get verbose linking output from f77
configure:5176: f77 -c -g -O2 conftest.f >&5
configure:5176: $? = 0
configure:5195: f77 -o conftest -g -O2 -v conftest.f
Using built-in specs.
Target: x86_64-linux-gnu
Thread model: posix
gcc version 7.5.0 (Ubuntu 7.5.0-3ubuntu1~18.04) 
 /usr/lib/gcc/x86_64-linux-gnu/7/f951 conftest.f -ffixed-form -quiet -dumpbase conftest.f -mtune=generic -march=x86-64 -auxbase conftest -g -O2 -version -fintrinsic-modules-path /usr/lib/gcc/x86_64-linux-gnu/7/finclude -o /tmp/cc8aoQ8F.s
GNU Fortran (Ubuntu 7.5.0-3ubuntu1~18.04) version 7.5.0 (x86_64-linux-gnu)
	compiled by GNU C version 7.5.0, GMP version 6.1.2, MPFR version 4.0.1, MPC version 1.1.0, isl version isl-0.19-GMP

GGC heuristics: --param ggc-min-expand=100 --param ggc-min-heapsize=131072
GNU Fortran2008 (Ubuntu 7.5.0-3ubuntu1~18.04) version 7.5.0 (x86_64-linux-gnu)
	compiled by GNU C version 7.5.0, GMP version 6.1.2, MPFR version 4.0.1, MPC version 1.1.0, isl version isl-0.19-GMP

GGC heuristics: --param ggc-min-expand=100 --param ggc-min-heapsize=131072
 as -v --64 -o /tmp/ccwvGGiv.o /tmp/cc8aoQ8F.s
GNU assembler version 2.30 (x86_64-linux-gnu) using BFD version (GNU Binutils for Ubuntu) 2.30
Reading specs from /usr/lib/gcc/x86_64-linux-gnu/7/libgfortran.spec
rename spec lib to liborig
 /usr/lib/gcc/x86_64-linux-gnu/7/collect2 -plugin /usr/lib/gcc/x86_64-linux-gnu/7/liblto_plugin.so -plugin-opt=/usr/lib/gcc/x86_64-linux-gnu/7/lto-wrapper -plugin-opt=-fresolution=/tmp/ccNwuVuk.res -plugin-opt=-pass-through=-lgcc_s -plugin-opt=-pass-through=-lgcc -plugin-opt=-pass-through=-lquadmath -plugin-opt=-pass-through=-lm -plugin-opt=-pass-through=-lgcc_s -plugin-opt=-pass-through=-lgcc -plugin-opt=-pass-through=-lc -plugin-opt=-pass-through=-lgcc_s -plugin-opt=-pass-through=-lgcc --build-id --eh-frame-hdr -m elf_x86_64 --hash-style=gnu --as-needed -dynamic-linker /lib64/ld-linux-x86-64.so.2 -pie -z now -z relro -o conftest /usr/lib/gcc/x86_64-linux-gnu/7/../../../x86_64-linux-gnu/Scrt1.o /usr/lib/gcc/x86_64-linux-gnu/7/../../../x86_64-linux-gnu/crti.o /usr/lib/gcc/x86_64-linux-gnu/7/crtbeginS.o -L/usr/lib/gcc/x86_64-linux-gnu/7 -L/usr/lib/gcc/x86_64-linux-gnu/7/../../../x86_64-linux-gnu -L/usr/lib/gcc/x86_64-linux-gnu/7/../../../../lib -L/lib/x86_64-linux-gnu -L/lib/../lib -L/usr/lib/x86_64-linux-gnu -L/usr/lib/../lib -L/usr/lib/gcc/x86_64-linux-gnu/7/../../.. /tmp/ccwvGGiv.o -lgfortran -lm -lgcc_s -lgcc -lquadmath -lm -lgcc_s -lgcc -lc -lgcc_s -lgcc /usr/lib/gcc/x86_64-linux-gnu/7/crtendS.o /usr/lib/gcc/x86_64-linux-gnu/7/../../../x86_64-linux-gnu/crtn.o
configure:5278: result: -v
configure:5280: checking for Fortran 77 libraries of f77
configure:5304: f77 -o conftest -g -O2 -v conftest.f
Using built-in specs.
Target: x86_64-linux-gnu
Thread model: posix
gcc version 7.5.0 (Ubuntu 7.5.0-3ubuntu1~18.04) 
 /usr/lib/gcc/x86_64-linux-gnu/7/f951 conftest.f -ffixed-form -quiet -dumpbase conftest.f -mtune=generic -march=x86-64 -auxbase conftest -g -O2 -version -fintrinsic-modules-path /usr/lib/gcc/x86_64-linux-gnu/7/finclude -o /tmp/ccn5EzKO.s
GNU Fortran (Ubuntu 7.5.0-3ubuntu1~18.04) version 7.5.0 (x86_64-linux-gnu)
	compiled by GNU C version 7.5.0, GMP version 6.1.2, MPFR version 4.0.1, MPC version 1.1.0, isl version isl-0.19-GMP

GGC heuristics: --param ggc-min-expand=100 --param ggc-min-heapsize=131072
GNU Fortran2008 (Ubuntu 7.5.0-3ubuntu1~18.04) version 7.5.0 (x86_64-linux-gnu)
	compiled by GNU C version 7.5.0, GMP version 6.1.2, MPFR version 4.0.1, MPC version 1.1.0, isl version isl-0.19-GMP

GGC heuristics: --param ggc-min-expand=100 --param ggc-min-heapsize=131072
 as -v --64 -o /tmp/ccmWaPbE.o /tmp/ccn5EzKO.s
GNU assembler version 2.30 (x86_64-linux-gnu) using BFD version (GNU Binutils for Ubuntu) 2.30
Reading specs from /usr/lib/gcc/x86_64-linux-gnu/7/libgfortran.spec
rename spec lib to liborig
 /usr/lib/gcc/x86_64-linux-gnu/7/collect2 -plugin /usr/lib/gcc/x86_64-linux-gnu/7/liblto_plugin.so -plugin-opt=/usr/lib/gcc/x86_64-linux-gnu/7/lto-wrapper -plugin-opt=-fresolution=/tmp/ccY3zWEt.res -plugin-opt=-pass-through=-lgcc_s -plugin-opt=-pass-through=-lgcc -plugin-opt=-pass-through=-lquadmath -plugin-opt=-pass-through=-lm -plugin-opt=-pass-through=-lgcc_s -plugin-opt=-pass-through=-lgcc -plugin-opt=-pass-through=-lc -plugin-opt=-pass-through=-lgcc_s -plugin-opt=-pass-through=-lgcc --build-id --eh-frame-hdr -m elf_x86_64 --hash-style=gnu --as-needed -dynamic-linker /lib64/ld-linux-x86-64.so.2 -pie -z now -z relro -o conftest /usr/lib/gcc/x86_64-linux-gnu/7/../../../x86_64-linux-gnu/Scrt1.o /usr/lib/gcc/x86_64-linux-gnu/7/../../../x86_64-linux-gnu/crti.o /usr/lib/gcc/x86_64-linux-gnu/7/crtbeginS.o -L/usr/lib/gcc/x86_64-linux-gnu/7 -L/usr/lib/gcc/x86_64-linux-gnu/7/../../../x86_64-linux-gnu -L/usr/lib/gcc/x86_64-linux-gnu/7/../../../../lib -L/lib/x86_64-linux-gnu -L/lib/../lib -L/usr/lib/x86_64-linux-gnu -L/usr/lib/../lib -L/usr/lib/gcc/x86_64-linux-gnu/7/../../.. /tmp/ccmWaPbE.o -lgfortran -lm -lgcc_s -lgcc -lquadmath -lm -lgcc_s -lgcc -lc -lgcc_s -lgcc /usr/lib/gcc/x86_64-linux-gnu/7/crtendS.o /usr/lib/gcc/x86_64-linux-gnu/7/../../../x86_64-linux-gnu/crtn.o
configure:5520: result:  -L/usr/lib/gcc/x86_64-linux-gnu/7 -L/usr/lib/gcc/x86_64-linux-gnu/7/../../../x86_64-linux-gnu -L/usr/lib/gcc/x86_64-linux-gnu/7/../../../../lib -L/lib/x86_64-linux-gnu -L/lib/../lib -L/usr/lib/x86_64-linux-gnu -L/usr/lib/../lib -L/usr/lib/gcc/x86_64-linux-gnu/7/../../.. -lgfortran -lm -lquadmath
configure:5537: checking for dummy main to link with Fortran 77 libraries
configure:5572: cc -o conftest -g -O2   conftest.c   -L/usr/lib/gcc/x86_64-linux-gnu/7 -L/usr/lib/gcc/x86_64-linux-gnu/7/../../../x86_64-linux-gnu -L/usr/lib/gcc/x86_64-linux-gnu/7/../../../../lib -L/lib/x86_64-linux-gnu -L/lib/../lib -L/usr/lib/x86_64-linux-gnu -L/usr/lib/../lib -L/usr/lib/gcc/x86_64-linux-gnu/7/../../.. -lgfortran -lm -lquadmath >&5
configure:5572: $? = 0
configure:5619: result: none
configure:5651: checking for Fortran 77 name-mangling scheme
configure:5665: f77 -c -g -O2 conftest.f >&5
configure:5665: $? = 0
configure:5704: cc -o conftest -g -O2   conftest.c cfortran_test.o   -L/usr/lib/gcc/x86_64-linux-gnu/7 -L/usr/lib/gcc/x86_64-linux-gnu/7/../../../x86_64-linux-gnu -L/usr/lib/gcc/x86_64-linux-gnu/7/../../../../lib -L/lib/x86_64-linux-gnu -L/lib/../lib -L/usr/lib/x86_64-linux-gnu -L/usr/lib/../lib -L/usr/lib/gcc/x86_64-linux-gnu/7/../../.. -lgfortran -lm -lquadmath >&5
/tmp/cc6P09tP.o: In function `main':
/home/apintus/GBHS/conftest.c:26: undefined reference to `foobar'
collect2: error: ld returned 1 exit status
configure:5704: $? = 1
configure: failed program was:
| /* confdefs.h */
| #define PACKAGE_NAME "AGWX"
| #define PACKAGE_TARNAME "agwx"
| #define PACKAGE_VERSION "2.0.0"
| #define PACKAGE_STRING "AGWX 2.0.0"
| #define PACKAGE_BUGREPORT ""
| #define PACKAGE_URL ""
| #define POINTER_SIZE 8
| /* end confdefs.h.  */
| 
| /* Override any GCC internal prototype to avoid an error.
|    Use char because int might match the return type of a GCC
|    builtin and then its argument prototype would still apply.  */
| char foobar ();
| #ifdef F77_DUMMY_MAIN
| 
| #  ifdef __cplusplus
|      extern "C"
| #  endif
|    int F77_DUMMY_MAIN() { return 1; }
| 
| #endif
| int
| main (void)
| {
| return foobar ();
|   ;
|   return 0;
| }
configure:5704: cc -o conftest -g -O2   conftest.c cfortran_test.o   -L/usr/lib/gcc/x86_64-linux-gnu/7 -L/usr/lib/gcc/x86_64-linux-gnu/7/../../../x86_64-linux-gnu -L/usr/lib/gcc/x86_64-linux-gnu/7/../../../../lib -L/lib/x86_64-linux-gnu -L/lib/../lib -L/usr/lib/x86_64-linux-gnu -L/usr/lib/../lib -L/usr/lib/gcc/x86_64-linux-gnu/7/../../.. -lgfortran -lm -lquadmath >&5
configure:5704: $? = 0
configure:5760: cc -o conftest -g -O2   conftest.c cfortran_test.o   -L/usr/lib/gcc/x86_64-linux-gnu/7 -L/usr/lib/gcc/x86_64-linux-gnu/7/../../../x86_64-linux-gnu -L/usr/lib/gcc/x86_64-linux-gnu/7/../../../../lib -L/lib/x86_64-linux-gnu -L/lib/../lib -L/usr/lib/x86_64-linux-gnu -L/usr/lib/../lib -L/usr/lib/gcc/x86_64-linux-gnu/7/../../.. -lgfortran -lm -lquadmath >&5
configure:5760: $? = 0
configure:5803: result: lower case, underscore, no extra underscore
configure:6019: checking for Fortran 77 compiler version
configure:6028: f77 --version >&5
GNU Fortran (Ubuntu 7.5.0-3ubuntu1~18.04) 7.5.0
Copyright (C) 2017 Free Software Foundation, Inc.
This is free software; see the source for copying conditions.  There is NO
warranty; not even for MERCHANTABILITY or FITNESS FOR A PARTICULAR PURPOSE.

configure:6039: $? = 0
configure:6028: f77 -v >&5
Using built-in specs.
COLLECT_GCC=f77
COLLECT_LTO_WRAPPER=/usr/lib/gcc/x86_64-linux-gnu/7/lto-wrapper
OFFLOAD_TARGET_NAMES=nvptx-none
OFFLOAD_TARGET_DEFAULT=1
Target: x86_64-linux-gnu
Configured with: ../src/configure -v --with-pkgversion='Ubuntu 7.5.0-3ubuntu1~18.04' --with-bugurl=file:///usr/share/doc/gcc-7/README.Bugs --enable-languages=c,ada,c++,go,brig,d,fortran,objc,obj-c++ --prefix=/usr --with-gcc-major-version-only --program-suffix=-7 --program-prefix=x86_64-linux-gnu- --enable-shared --enable-linker-build-id --libexecdir=/usr/lib --without-included-gettext --enable-threads=posix --libdir=/usr/lib --enable-nls --enable-bootstrap --enable-clocale=gnu --enable-libstdcxx-debug --enable-libstdcxx-time=yes --with-default-libstdcxx-abi=new --enable-gnu-unique-object --disable-vtable-verify --enable-libmpx --enable-plugin --enable-default-pie --with-system-zlib --with-target-system-zlib --enable-objc-gc=auto --enable-multiarch --disable-werror --with-arch-32=i686 --with-abi=m64 --with-multilib-list=m32,m64,mx32 --enable-multilib --with-tune=generic --enable-offload-targets=nvptx-none --without-cuda-driver --enable-checking=release --build=x86_64-linux-gnu --host=x86_64-linux-gnu --target=x86_64-linux-gnu
Thread model: posix
gcc version 7.5.0 (Ubuntu 7.5.0-3ubuntu1~18.04) 
configure:6039: $? = 0
configure:6028: f77 -V >&5
f77: error: unrecognized command line option '-V'
f77: fatal error: no input files
compilation terminated.
configure:6039: $? = 1
configure:6028: f77 -qversion >&5
f77: error: unrecognized command line option '-qversion'; did you mean '--version'?
f77: fatal error: no input files
compilation terminated.
configure:6039: $? = 1
configure:6048: checking whether the compiler supports GNU Fortran 77
configure:6072: result: yes
configure:6080: checking whether f77 accepts -g
configure:6101: result: yes
configure:6504: checking whether make sets $(MAKE)
configure:6527: result: yes
configure:7337: checking for library containing dgemm
configure:7357: gfortran -o conftest -O3 -g  -x f95-cpp-input  -g -pthread   conftest.f  >&5
/tmp/cct65TIS.o: In function `MAIN__':
/home/apintus/GBHS/conftest.f:2: undefined reference to `dgemm_'
collect2: error: ld returned 1 exit status
configure:7357: $? = 1
configure: failed program was:
|       program main
|       call dgemm
|       end
configure:7357: gfortran -o conftest -O3 -g  -x f95-cpp-input  -g -pthread   conftest.f -lmkl_gf_lp64 -lmkl_sequential -lmkl_core  >&5
/usr/bin/ld: cannot find -lmkl_gf_lp64
/usr/bin/ld: cannot find -lmkl_sequential
/usr/bin/ld: cannot find -lmkl_core
collect2: error: ld returned 1 exit status
configure:7357: $? = 1
configure: failed program was:
|       program main
|       call dgemm
|       end
configure:7377: result: no
configure:7337: checking for library containing dgemm
configure:7357: gfortran -o conftest -O3 -g  -x f95-cpp-input  -g -pthread -L/opt/intel/composer*/mkl/lib/intel64 conftest.f  >&5
/tmp/ccGNZbk7.o: In function `MAIN__':
/home/apintus/GBHS/conftest.f:2: undefined reference to `dgemm_'
collect2: error: ld returned 1 exit status
configure:7357: $? = 1
configure: failed program was:
|       program main
|       call dgemm
|       end
configure:7357: gfortran -o conftest -O3 -g  -x f95-cpp-input  -g -pthread -L/opt/intel/composer*/mkl/lib/intel64 conftest.f -lmkl_gf_lp64 -lmkl_sequential -lmkl_core  >&5
/usr/bin/ld: cannot find -lmkl_gf_lp64
/usr/bin/ld: cannot find -lmkl_sequential
/usr/bin/ld: cannot find -lmkl_core
collect2: error: ld returned 1 exit status
configure:7357: $? = 1
configure: failed program was:
|       program main
|       call dgemm
|       end
configure:7377: result: no
configure:7337: checking for library containing dgemm
configure:7357: gfortran -o conftest -O3 -g  -x f95-cpp-input  -g -pthread -L/opt/intel/Compiler/*/*/mkl/lib/em64t conftest.f  >&5
/tmp/cc9zkRVh.o: In function `MAIN__':
/home/apintus/GBHS/conftest.f:2: undefined reference to `dgemm_'
collect2: error: ld returned 1 exit status
configure:7357: $? = 1
configure: failed program was:
|       program main
|       call dgemm
|       end
configure:7357: gfortran -o conftest -O3 -g  -x f95-cpp-input  -g -pthread -L/opt/intel/Compiler/*/*/mkl/lib/em64t conftest.f -lmkl_gf_lp64 -lmkl_sequential -lmkl_core  >&5
/usr/bin/ld: cannot find -lmkl_gf_lp64
/usr/bin/ld: cannot find -lmkl_sequential
/usr/bin/ld: cannot find -lmkl_core
collect2: error: ld returned 1 exit status
configure:7357: $? = 1
configure: failed program was:
|       program main
|       call dgemm
|       end
configure:7377: result: no
configure:7337: checking for library containing dgemm
configure:7357: gfortran -o conftest -O3 -g  -x f95-cpp-input  -g -pthread -L/opt/intel/mkl/*/lib/em64t conftest.f  >&5
/tmp/cc0bRj6r.o: In function `MAIN__':
/home/apintus/GBHS/conftest.f:2: undefined reference to `dgemm_'
collect2: error: ld returned 1 exit status
configure:7357: $? = 1
configure: failed program was:
|       program main
|       call dgemm
|       end
configure:7357: gfortran -o conftest -O3 -g  -x f95-cpp-input  -g -pthread -L/opt/intel/mkl/*/lib/em64t conftest.f -lmkl_gf_lp64 -lmkl_sequential -lmkl_core  >&5
/usr/bin/ld: cannot find -lmkl_gf_lp64
/usr/bin/ld: cannot find -lmkl_sequential
/usr/bin/ld: cannot find -lmkl_core
collect2: error: ld returned 1 exit status
configure:7357: $? = 1
configure: failed program was:
|       program main
|       call dgemm
|       end
configure:7377: result: no
configure:7337: checking for library containing dgemm
configure:7357: gfortran -o conftest -O3 -g  -x f95-cpp-input  -g -pthread -L/opt/intel/mkl*/lib/em64t conftest.f  >&5
/tmp/ccp4V6fG.o: In function `MAIN__':
/home/apintus/GBHS/conftest.f:2: undefined reference to `dgemm_'
collect2: error: ld returned 1 exit status
configure:7357: $? = 1
configure: failed program was:
|       program main
|       call dgemm
|       end
configure:7357: gfortran -o conftest -O3 -g  -x f95-cpp-input  -g -pthread -L/opt/intel/mkl*/lib/em64t conftest.f -lmkl_gf_lp64 -lmkl_sequential -lmkl_core  >&5
/usr/bin/ld: cannot find -lmkl_gf_lp64
/usr/bin/ld: cannot find -lmkl_sequential
/usr/bin/ld: cannot find -lmkl_core
collect2: error: ld returned 1 exit status
configure:7357: $? = 1
configure: failed program was:
|       program main
|       call dgemm
|       end
configure:7377: result: no
configure:7337: checking for library containing dgemm
configure:7357: gfortran -o conftest -O3 -g  -x f95-cpp-input  -g -pthread -L/opt/intel/mkl/lib conftest.f  >&5
/tmp/ccx9gglQ.o: In function `MAIN__':
/home/apintus/GBHS/conftest.f:2: undefined reference to `dgemm_'
collect2: error: ld returned 1 exit status
configure:7357: $? = 1
configure: failed program was:
|       program main
|       call dgemm
|       end
configure:7357: gfortran -o conftest -O3 -g  -x f95-cpp-input  -g -pthread -L/opt/intel/mkl/lib conftest.f -lmkl_gf_lp64 -lmkl_sequential -lmkl_core  >&5
/usr/bin/ld: cannot find -lmkl_gf_lp64
/usr/bin/ld: cannot find -lmkl_sequential
/usr/bin/ld: cannot find -lmkl_core
collect2: error: ld returned 1 exit status
configure:7357: $? = 1
configure: failed program was:
|       program main
|       call dgemm
|       end
configure:7377: result: no
configure:8337: checking for library containing dgemm
configure:8357: gfortran -o conftest -O3 -g  -x f95-cpp-input -g -pthread  conftest.f -latlas >&5
/usr/bin/ld: cannot find -latlas
collect2: error: ld returned 1 exit status
configure:8357: $? = 1
configure: failed program was:
|       program main
|       call dgemm
|       end
configure:8357: gfortran -o conftest -O3 -g  -x f95-cpp-input -g -pthread  conftest.f -lf77blas -lg2c -latlas >&5
/usr/bin/ld: cannot find -lf77blas
/usr/bin/ld: cannot find -lg2c
/usr/bin/ld: cannot find -latlas
collect2: error: ld returned 1 exit status
configure:8357: $? = 1
configure: failed program was:
|       program main
|       call dgemm
|       end
configure:8377: result: no
configure:8337: checking for library containing dgemm
configure:8357: gfortran -o conftest -O3 -g  -x f95-cpp-input -g -pthread -L/usr/local/lib conftest.f -latlas >&5
/usr/bin/ld: cannot find -latlas
collect2: error: ld returned 1 exit status
configure:8357: $? = 1
configure: failed program was:
|       program main
|       call dgemm
|       end
configure:8357: gfortran -o conftest -O3 -g  -x f95-cpp-input -g -pthread -L/usr/local/lib conftest.f -lf77blas -lg2c -latlas >&5
/usr/bin/ld: cannot find -lf77blas
/usr/bin/ld: cannot find -lg2c
/usr/bin/ld: cannot find -latlas
collect2: error: ld returned 1 exit status
configure:8357: $? = 1
configure: failed program was:
|       program main
|       call dgemm
|       end
configure:8377: result: no
configure:8413: checking for library containing dgemm
configure:8433: gfortran -o conftest -O3 -g  -x f95-cpp-input -g -pthread  conftest.f  >&5
/tmp/cc5g2qme.o: In function `MAIN__':
/home/apintus/GBHS/conftest.f:2: undefined reference to `dgemm_'
collect2: error: ld returned 1 exit status
configure:8433: $? = 1
configure: failed program was:
|       program main
|       call dgemm
|       end
configure:8433: gfortran -o conftest -O3 -g  -x f95-cpp-input -g -pthread  conftest.f -lblas-3   >&5
/usr/bin/ld: cannot find -lblas-3
collect2: error: ld returned 1 exit status
configure:8433: $? = 1
configure: failed program was:
|       program main
|       call dgemm
|       end
configure:8433: gfortran -o conftest -O3 -g  -x f95-cpp-input -g -pthread  conftest.f -lopenblas   >&5
/usr/bin/ld: cannot find -lopenblas
collect2: error: ld returned 1 exit status
configure:8433: $? = 1
configure: failed program was:
|       program main
|       call dgemm
|       end
configure:8433: gfortran -o conftest -O3 -g  -x f95-cpp-input -g -pthread  conftest.f -lblas   >&5
configure:8433: $? = 0
configure:8453: result: -lblas
configure:8832: checking for library containing dspev
configure:8852: gfortran -o conftest -O3 -g  -x f95-cpp-input -g -pthread  conftest.f  -lblas  >&5
/tmp/ccoGMZ0z.o: In function `MAIN__':
/home/apintus/GBHS/conftest.f:2: undefined reference to `dspev_'
collect2: error: ld returned 1 exit status
configure:8852: $? = 1
configure: failed program was:
|       program main
|       call dspev
|       end
configure:8852: gfortran -o conftest -O3 -g  -x f95-cpp-input -g -pthread  conftest.f -llapack-3   -lblas  >&5
/usr/bin/ld: cannot find -llapack-3
collect2: error: ld returned 1 exit status
configure:8852: $? = 1
configure: failed program was:
|       program main
|       call dspev
|       end
configure:8852: gfortran -o conftest -O3 -g  -x f95-cpp-input -g -pthread  conftest.f -llapack   -lblas  >&5
configure:8852: $? = 0
configure:8872: result: -llapack
configure:8937: checking for stdio.h
configure:8937: gfortran -c -O3 -g  -x f95-cpp-input conftest.f >&5
/usr/include/x86_64-linux-gnu/sys/cdefs.h:30:3:

 # error "You need a ISO C conforming compiler to use the glibc headers"
   1~~~~
Error: #error "You need a ISO C conforming compiler to use the glibc headers"
/usr/include/x86_64-linux-gnu/gnu/stubs.h:8:2:

 #endif
  1~~~~           
Fatal Error: gnu/stubs-32.h: No such file or directory
compilation terminated.
configure:8937: $? = 1
configure: failed program was:
| /* confdefs.h */
| #define PACKAGE_NAME "AGWX"
| #define PACKAGE_TARNAME "agwx"
| #define PACKAGE_VERSION "2.0.0"
| #define PACKAGE_STRING "AGWX 2.0.0"
| #define PACKAGE_BUGREPORT ""
| #define PACKAGE_URL ""
| #define POINTER_SIZE 8
| #define F77_FUNC(name,NAME) name ## _
| #define F77_FUNC_(name,NAME) name ## _
| /* end confdefs.h.  */
| #include <stddef.h>
| #ifdef HAVE_STDIO_H
| # include <stdio.h>
| #endif
| #ifdef HAVE_STDLIB_H
| # include <stdlib.h>
| #endif
| #ifdef HAVE_STRING_H
| # include <string.h>
| #endif
| #ifdef HAVE_INTTYPES_H
| # include <inttypes.h>
| #endif
| #ifdef HAVE_STDINT_H
| # include <stdint.h>
| #endif
| #ifdef HAVE_STRINGS_H
| # include <strings.h>
| #endif
| #ifdef HAVE_SYS_TYPES_H
| # include <sys/types.h>
| #endif
| #ifdef HAVE_SYS_STAT_H
| # include <sys/stat.h>
| #endif
| #ifdef HAVE_UNISTD_H
| # include <unistd.h>
| #endif
| #include <stdio.h>
configure:8937: result: no
configure:8937: checking for stdlib.h
configure:8937: gfortran -c -O3 -g  -x f95-cpp-input conftest.f >&5
/usr/include/x86_64-linux-gnu/sys/cdefs.h:30:3:

 # error "You need a ISO C conforming compiler to use the glibc headers"
   1~~~~
Error: #error "You need a ISO C conforming compiler to use the glibc headers"
/usr/include/x86_64-linux-gnu/gnu/stubs.h:8:2:

 #endif
  1~~~~           
Fatal Error: gnu/stubs-32.h: No such file or directory
compilation terminated.
configure:8937: $? = 1
configure: failed program was:
| /* confdefs.h */
| #define PACKAGE_NAME "AGWX"
| #define PACKAGE_TARNAME "agwx"
| #define PACKAGE_VERSION "2.0.0"
| #define PACKAGE_STRING "AGWX 2.0.0"
| #define PACKAGE_BUGREPORT ""
| #define PACKAGE_URL ""
| #define POINTER_SIZE 8
| #define F77_FUNC(name,NAME) name ## _
| #define F77_FUNC_(name,NAME) name ## _
| /* end confdefs.h.  */
| #include <stddef.h>
| #ifdef HAVE_STDIO_H
| # include <stdio.h>
| #endif
| #ifdef HAVE_STDLIB_H
| # include <stdlib.h>
| #endif
| #ifdef HAVE_STRING_H
| # include <string.h>
| #endif
| #ifdef HAVE_INTTYPES_H
| # include <inttypes.h>
| #endif
| #ifdef HAVE_STDINT_H
| # include <stdint.h>
| #endif
| #ifdef HAVE_STRINGS_H
| # include <strings.h>
| #endif
| #ifdef HAVE_SYS_TYPES_H
| # include <sys/types.h>
| #endif
| #ifdef HAVE_SYS_STAT_H
| # include <sys/stat.h>
| #endif
| #ifdef HAVE_UNISTD_H
| # include <unistd.h>
| #endif
| #include <stdlib.h>
configure:8937: result: no
configure:8937: checking for string.h
configure:8937: gfortran -c -O3 -g  -x f95-cpp-input conftest.f >&5
/usr/include/x86_64-linux-gnu/sys/cdefs.h:30:3:

 # error "You need a ISO C conforming compiler to use the glibc headers"
   1~~~~
Error: #error "You need a ISO C conforming compiler to use the glibc headers"
/usr/include/x86_64-linux-gnu/gnu/stubs.h:8:2:

 #endif
  1~~~~           
Fatal Error: gnu/stubs-32.h: No such file or directory
compilation terminated.
configure:8937: $? = 1
configure: failed program was:
| /* confdefs.h */
| #define PACKAGE_NAME "AGWX"
| #define PACKAGE_TARNAME "agwx"
| #define PACKAGE_VERSION "2.0.0"
| #define PACKAGE_STRING "AGWX 2.0.0"
| #define PACKAGE_BUGREPORT ""
| #define PACKAGE_URL ""
| #define POINTER_SIZE 8
| #define F77_FUNC(name,NAME) name ## _
| #define F77_FUNC_(name,NAME) name ## _
| /* end confdefs.h.  */
| #include <stddef.h>
| #ifdef HAVE_STDIO_H
| # include <stdio.h>
| #endif
| #ifdef HAVE_STDLIB_H
| # include <stdlib.h>
| #endif
| #ifdef HAVE_STRING_H
| # include <string.h>
| #endif
| #ifdef HAVE_INTTYPES_H
| # include <inttypes.h>
| #endif
| #ifdef HAVE_STDINT_H
| # include <stdint.h>
| #endif
| #ifdef HAVE_STRINGS_H
| # include <strings.h>
| #endif
| #ifdef HAVE_SYS_TYPES_H
| # include <sys/types.h>
| #endif
| #ifdef HAVE_SYS_STAT_H
| # include <sys/stat.h>
| #endif
| #ifdef HAVE_UNISTD_H
| # include <unistd.h>
| #endif
| #include <string.h>
configure:8937: result: no
configure:8937: checking for inttypes.h
configure:8937: gfortran -c -O3 -g  -x f95-cpp-input conftest.f >&5
/usr/include/x86_64-linux-gnu/sys/cdefs.h:30:3:

 # error "You need a ISO C conforming compiler to use the glibc headers"
   1~~~~
Error: #error "You need a ISO C conforming compiler to use the glibc headers"
/usr/include/x86_64-linux-gnu/gnu/stubs.h:8:2:

 #endif
  1~~~~           
Fatal Error: gnu/stubs-32.h: No such file or directory
compilation terminated.
configure:8937: $? = 1
configure: failed program was:
| /* confdefs.h */
| #define PACKAGE_NAME "AGWX"
| #define PACKAGE_TARNAME "agwx"
| #define PACKAGE_VERSION "2.0.0"
| #define PACKAGE_STRING "AGWX 2.0.0"
| #define PACKAGE_BUGREPORT ""
| #define PACKAGE_URL ""
| #define POINTER_SIZE 8
| #define F77_FUNC(name,NAME) name ## _
| #define F77_FUNC_(name,NAME) name ## _
| /* end confdefs.h.  */
| #include <stddef.h>
| #ifdef HAVE_STDIO_H
| # include <stdio.h>
| #endif
| #ifdef HAVE_STDLIB_H
| # include <stdlib.h>
| #endif
| #ifdef HAVE_STRING_H
| # include <string.h>
| #endif
| #ifdef HAVE_INTTYPES_H
| # include <inttypes.h>
| #endif
| #ifdef HAVE_STDINT_H
| # include <stdint.h>
| #endif
| #ifdef HAVE_STRINGS_H
| # include <strings.h>
| #endif
| #ifdef HAVE_SYS_TYPES_H
| # include <sys/types.h>
| #endif
| #ifdef HAVE_SYS_STAT_H
| # include <sys/stat.h>
| #endif
| #ifdef HAVE_UNISTD_H
| # include <unistd.h>
| #endif
| #include <inttypes.h>
configure:8937: result: no
configure:8937: checking for stdint.h
configure:8937: gfortran -c -O3 -g  -x f95-cpp-input conftest.f >&5
/usr/lib/gcc/x86_64-linux-gnu/7/include/stddef.h:149:1:

 typedef __PTRDIFF_TYPE__ ptrdiff_t;
 1
Error: Non-numeric character in statement label at (1)
/usr/lib/gcc/x86_64-linux-gnu/7/include/stddef.h:149:1:

 typedef __PTRDIFF_TYPE__ ptrdiff_t;
 1
Error: Unclassifiable statement at (1)
/usr/lib/gcc/x86_64-linux-gnu/7/include/stddef.h:216:1:

 typedef __SIZE_TYPE__ size_t;
 1
Error: Non-numeric character in statement label at (1)
/usr/lib/gcc/x86_64-linux-gnu/7/include/stddef.h:216:1:

 typedef __SIZE_TYPE__ size_t;
 1
Error: Unclassifiable statement at (1)
/usr/lib/gcc/x86_64-linux-gnu/7/include/stddef.h:328:1:

 typedef __WCHAR_TYPE__ wchar_t;
 1
Error: Non-numeric character in statement label at (1)
/usr/lib/gcc/x86_64-linux-gnu/7/include/stddef.h:328:1:

 typedef __WCHAR_TYPE__ wchar_t;
 1
Error: Unclassifiable statement at (1)
/usr/lib/gcc/x86_64-linux-gnu/7/include/stdint-gcc.h:60:1:

 typedef __INT_LEAST8_TYPE__ int_least8_t;
 1
Error: Non-numeric character in statement label at (1)
/usr/lib/gcc/x86_64-linux-gnu/7/include/stdint-gcc.h:60:1:

 typedef __INT_LEAST8_TYPE__ int_least8_t;
 1
Error: Unclassifiable statement at (1)
/usr/lib/gcc/x86_64-linux-gnu/7/include/stdint-gcc.h:61:1:

 typedef __INT_LEAST16_TYPE__ int_least16_t;
 1
Error: Non-numeric character in statement label at (1)
/usr/lib/gcc/x86_64-linux-gnu/7/include/stdint-gcc.h:61:1:

 typedef __INT_LEAST16_TYPE__ int_least16_t;
 1
Error: Unclassifiable statement at (1)
/usr/lib/gcc/x86_64-linux-gnu/7/include/stdint-gcc.h:62:1:

 typedef __INT_LEAST32_TYPE__ int_least32_t;
 1
Error: Non-numeric character in statement label at (1)
/usr/lib/gcc/x86_64-linux-gnu/7/include/stdint-gcc.h:62:1:

 typedef __INT_LEAST32_TYPE__ int_least32_t;
 1
Error: Unclassifiable statement at (1)
/usr/lib/gcc/x86_64-linux-gnu/7/include/stdint-gcc.h:63:1:

 typedef __INT_LEAST64_TYPE__ int_least64_t;
 1
Error: Non-numeric character in statement label at (1)
/usr/lib/gcc/x86_64-linux-gnu/7/include/stdint-gcc.h:63:1:

 typedef __INT_LEAST64_TYPE__ int_least64_t;
 1
Error: Unclassifiable statement at (1)
/usr/lib/gcc/x86_64-linux-gnu/7/include/stdint-gcc.h:64:1:

 typedef __UINT_LEAST8_TYPE__ uint_least8_t;
 1
Error: Non-numeric character in statement label at (1)
/usr/lib/gcc/x86_64-linux-gnu/7/include/stdint-gcc.h:64:1:

 typedef __UINT_LEAST8_TYPE__ uint_least8_t;
 1
Error: Unclassifiable statement at (1)
/usr/lib/gcc/x86_64-linux-gnu/7/include/stdint-gcc.h:65:1:

 typedef __UINT_LEAST16_TYPE__ uint_least16_t;
 1
Error: Non-numeric character in statement label at (1)
/usr/lib/gcc/x86_64-linux-gnu/7/include/stdint-gcc.h:65:1:

 typedef __UINT_LEAST16_TYPE__ uint_least16_t;
 1
Error: Unclassifiable statement at (1)
/usr/lib/gcc/x86_64-linux-gnu/7/include/stdint-gcc.h:66:1:

 typedef __UINT_LEAST32_TYPE__ uint_least32_t;
 1
Error: Non-numeric character in statement label at (1)
/usr/lib/gcc/x86_64-linux-gnu/7/include/stdint-gcc.h:66:1:

 typedef __UINT_LEAST32_TYPE__ uint_least32_t;
 1
Error: Unclassifiable statement at (1)
/usr/lib/gcc/x86_64-linux-gnu/7/include/stdint-gcc.h:67:1:

 typedef __UINT_LEAST64_TYPE__ uint_least64_t;
 1
Error: Non-numeric character in statement label at (1)
/usr/lib/gcc/x86_64-linux-gnu/7/include/stdint-gcc.h:67:1:

 typedef __UINT_LEAST64_TYPE__ uint_least64_t;
 1
Error: Unclassifiable statement at (1)
/usr/lib/gcc/x86_64-linux-gnu/7/include/stdint-gcc.h:71:1:

 typedef __INT_FAST8_TYPE__ int_fast8_t;
 1
Error: Non-numeric character in statement label at (1)
/usr/lib/gcc/x86_64-linux-gnu/7/include/stdint-gcc.h:71:1:

 typedef __INT_FAST8_TYPE__ int_fast8_t;
 1
Error: Unclassifiable statement at (1)
/usr/lib/gcc/x86_64-linux-gnu/7/include/stdint-gcc.h:72:1:

 typedef __INT_FAST16_TYPE__ int_fast16_t;
 1
Error: Non-numeric character in statement label at (1)
/usr/lib/gcc/x86_64-linux-gnu/7/include/stdint-gcc.h:72:1:

 typedef __INT_FAST16_TYPE__ int_fast16_t;
 1
Error: Unclassifiable statement at (1)
/usr/lib/gcc/x86_64-linux-gnu/7/include/stdint-gcc.h:73:1:

 typedef __INT_FAST32_TYPE__ int_fast32_t;
 1
Error: Non-numeric character in statement label at (1)
/usr/lib/gcc/x86_64-linux-gnu/7/include/stdint-gcc.h:73:1:

 typedef __INT_FAST32_TYPE__ int_fast32_t;
 1
Error: Unclassifiable statement at (1)
/usr/lib/gcc/x86_64-linux-gnu/7/include/stdint-gcc.h:74:1:

 typedef __INT_FAST64_TYPE__ int_fast64_t;
 1
Error: Non-numeric character in statement label at (1)
/usr/lib/gcc/x86_64-linux-gnu/7/include/stdint-gcc.h:74:1:

 typedef __INT_FAST64_TYPE__ int_fast64_t;
 1
Error: Unclassifiable statement at (1)
/usr/lib/gcc/x86_64-linux-gnu/7/include/stdint-gcc.h:75:1:

 typedef __UINT_FAST8_TYPE__ uint_fast8_t;
 1
Error: Non-numeric character in statement label at (1)
/usr/lib/gcc/x86_64-linux-gnu/7/include/stdint-gcc.h:75:1:

 typedef __UINT_FAST8_TYPE__ uint_fast8_t;
 1
Error: Unclassifiable statement at (1)
/usr/lib/gcc/x86_64-linux-gnu/7/include/stdint-gcc.h:76:1:

 typedef __UINT_FAST16_TYPE__ uint_fast16_t;
 1
Error: Non-numeric character in statement label at (1)
/usr/lib/gcc/x86_64-linux-gnu/7/include/stdint-gcc.h:76:1:

 typedef __UINT_FAST16_TYPE__ uint_fast16_t;
 1
Error: Unclassifiable statement at (1)
/usr/lib/gcc/x86_64-linux-gnu/7/include/stdint-gcc.h:77:1:

 typedef __UINT_FAST32_TYPE__ uint_fast32_t;
 1
Error: Non-numeric character in statement label at (1)
/usr/lib/gcc/x86_64-linux-gnu/7/include/stdint-gcc.h:77:1:

 typedef __UINT_FAST32_TYPE__ uint_fast32_t;
 1
Error: Unclassifiable statement at (1)
/usr/lib/gcc/x86_64-linux-gnu/7/include/stdint-gcc.h:78:1:

 typedef __UINT_FAST64_TYPE__ uint_fast64_t;
 1
Error: Non-numeric character in statement label at (1)
/usr/lib/gcc/x86_64-linux-gnu/7/include/stdint-gcc.h:78:1:

 typedef __UINT_FAST64_TYPE__ uint_fast64_t;
 1
Error: Unclassifiable statement at (1)
/usr/lib/gcc/x86_64-linux-gnu/7/include/stdint-gcc.h:91:1:

 typedef __INTMAX_TYPE__ intmax_t;
 1
Error: Non-numeric character in statement label at (1)
/usr/lib/gcc/x86_64-linux-gnu/7/include/stdint-gcc.h:91:1:

 typedef __INTMAX_TYPE__ intmax_t;
 1
Error: Unclassifiable statement at (1)
/usr/lib/gcc/x86_64-linux-gnu/7/include/stdint-gcc.h:92:1:

 typedef __UINTMAX_TYPE__ uintmax_t;
 1
Error: Non-numeric character in statement label at (1)
/usr/lib/gcc/x86_64-linux-gnu/7/include/stdint-gcc.h:92:1:

 typedef __UINTMAX_TYPE__ uintmax_t;
 1
Error: Unclassifiable statement at (1)
configure:8937: $? = 1
configure: failed program was:
| /* confdefs.h */
| #define PACKAGE_NAME "AGWX"
| #define PACKAGE_TARNAME "agwx"
| #define PACKAGE_VERSION "2.0.0"
| #define PACKAGE_STRING "AGWX 2.0.0"
| #define PACKAGE_BUGREPORT ""
| #define PACKAGE_URL ""
| #define POINTER_SIZE 8
| #define F77_FUNC(name,NAME) name ## _
| #define F77_FUNC_(name,NAME) name ## _
| /* end confdefs.h.  */
| #include <stddef.h>
| #ifdef HAVE_STDIO_H
| # include <stdio.h>
| #endif
| #ifdef HAVE_STDLIB_H
| # include <stdlib.h>
| #endif
| #ifdef HAVE_STRING_H
| # include <string.h>
| #endif
| #ifdef HAVE_INTTYPES_H
| # include <inttypes.h>
| #endif
| #ifdef HAVE_STDINT_H
| # include <stdint.h>
| #endif
| #ifdef HAVE_STRINGS_H
| # include <strings.h>
| #endif
| #ifdef HAVE_SYS_TYPES_H
| # include <sys/types.h>
| #endif
| #ifdef HAVE_SYS_STAT_H
| # include <sys/stat.h>
| #endif
| #ifdef HAVE_UNISTD_H
| # include <unistd.h>
| #endif
| #include <stdint.h>
configure:8937: result: no
configure:8937: checking for strings.h
configure:8937: gfortran -c -O3 -g  -x f95-cpp-input conftest.f >&5
/usr/include/x86_64-linux-gnu/sys/cdefs.h:30:3:

 # error "You need a ISO C conforming compiler to use the glibc headers"
   1~~~~
Error: #error "You need a ISO C conforming compiler to use the glibc headers"
/usr/include/x86_64-linux-gnu/gnu/stubs.h:8:2:

 #endif
  1~~~~           
Fatal Error: gnu/stubs-32.h: No such file or directory
compilation terminated.
configure:8937: $? = 1
configure: failed program was:
| /* confdefs.h */
| #define PACKAGE_NAME "AGWX"
| #define PACKAGE_TARNAME "agwx"
| #define PACKAGE_VERSION "2.0.0"
| #define PACKAGE_STRING "AGWX 2.0.0"
| #define PACKAGE_BUGREPORT ""
| #define PACKAGE_URL ""
| #define POINTER_SIZE 8
| #define F77_FUNC(name,NAME) name ## _
| #define F77_FUNC_(name,NAME) name ## _
| /* end confdefs.h.  */
| #include <stddef.h>
| #ifdef HAVE_STDIO_H
| # include <stdio.h>
| #endif
| #ifdef HAVE_STDLIB_H
| # include <stdlib.h>
| #endif
| #ifdef HAVE_STRING_H
| # include <string.h>
| #endif
| #ifdef HAVE_INTTYPES_H
| # include <inttypes.h>
| #endif
| #ifdef HAVE_STDINT_H
| # include <stdint.h>
| #endif
| #ifdef HAVE_STRINGS_H
| # include <strings.h>
| #endif
| #ifdef HAVE_SYS_TYPES_H
| # include <sys/types.h>
| #endif
| #ifdef HAVE_SYS_STAT_H
| # include <sys/stat.h>
| #endif
| #ifdef HAVE_UNISTD_H
| # include <unistd.h>
| #endif
| #include <strings.h>
configure:8937: result: no
configure:8937: checking for sys/stat.h
configure:8937: gfortran -c -O3 -g  -x f95-cpp-input conftest.f >&5
/usr/include/x86_64-linux-gnu/sys/cdefs.h:30:3:

 # error "You need a ISO C conforming compiler to use the glibc headers"
   1~~~~
Error: #error "You need a ISO C conforming compiler to use the glibc headers"
/usr/include/x86_64-linux-gnu/gnu/stubs.h:8:2:

 #endif
  1~~~~           
Fatal Error: gnu/stubs-32.h: No such file or directory
compilation terminated.
configure:8937: $? = 1
configure: failed program was:
| /* confdefs.h */
| #define PACKAGE_NAME "AGWX"
| #define PACKAGE_TARNAME "agwx"
| #define PACKAGE_VERSION "2.0.0"
| #define PACKAGE_STRING "AGWX 2.0.0"
| #define PACKAGE_BUGREPORT ""
| #define PACKAGE_URL ""
| #define POINTER_SIZE 8
| #define F77_FUNC(name,NAME) name ## _
| #define F77_FUNC_(name,NAME) name ## _
| /* end confdefs.h.  */
| #include <stddef.h>
| #ifdef HAVE_STDIO_H
| # include <stdio.h>
| #endif
| #ifdef HAVE_STDLIB_H
| # include <stdlib.h>
| #endif
| #ifdef HAVE_STRING_H
| # include <string.h>
| #endif
| #ifdef HAVE_INTTYPES_H
| # include <inttypes.h>
| #endif
| #ifdef HAVE_STDINT_H
| # include <stdint.h>
| #endif
| #ifdef HAVE_STRINGS_H
| # include <strings.h>
| #endif
| #ifdef HAVE_SYS_TYPES_H
| # include <sys/types.h>
| #endif
| #ifdef HAVE_SYS_STAT_H
| # include <sys/stat.h>
| #endif
| #ifdef HAVE_UNISTD_H
| # include <unistd.h>
| #endif
| #include <sys/stat.h>
configure:8937: result: no
configure:8937: checking for sys/types.h
configure:8937: gfortran -c -O3 -g  -x f95-cpp-input conftest.f >&5
/usr/include/x86_64-linux-gnu/sys/cdefs.h:30:3:

 # error "You need a ISO C conforming compiler to use the glibc headers"
   1~~~~
Error: #error "You need a ISO C conforming compiler to use the glibc headers"
/usr/include/x86_64-linux-gnu/gnu/stubs.h:8:2:

 #endif
  1~~~~           
Fatal Error: gnu/stubs-32.h: No such file or directory
compilation terminated.
configure:8937: $? = 1
configure: failed program was:
| /* confdefs.h */
| #define PACKAGE_NAME "AGWX"
| #define PACKAGE_TARNAME "agwx"
| #define PACKAGE_VERSION "2.0.0"
| #define PACKAGE_STRING "AGWX 2.0.0"
| #define PACKAGE_BUGREPORT ""
| #define PACKAGE_URL ""
| #define POINTER_SIZE 8
| #define F77_FUNC(name,NAME) name ## _
| #define F77_FUNC_(name,NAME) name ## _
| /* end confdefs.h.  */
| #include <stddef.h>
| #ifdef HAVE_STDIO_H
| # include <stdio.h>
| #endif
| #ifdef HAVE_STDLIB_H
| # include <stdlib.h>
| #endif
| #ifdef HAVE_STRING_H
| # include <string.h>
| #endif
| #ifdef HAVE_INTTYPES_H
| # include <inttypes.h>
| #endif
| #ifdef HAVE_STDINT_H
| # include <stdint.h>
| #endif
| #ifdef HAVE_STRINGS_H
| # include <strings.h>
| #endif
| #ifdef HAVE_SYS_TYPES_H
| # include <sys/types.h>
| #endif
| #ifdef HAVE_SYS_STAT_H
| # include <sys/stat.h>
| #endif
| #ifdef HAVE_UNISTD_H
| # include <unistd.h>
| #endif
| #include <sys/types.h>
configure:8937: result: no
configure:8937: checking for unistd.h
configure:8937: gfortran -c -O3 -g  -x f95-cpp-input conftest.f >&5
/usr/include/x86_64-linux-gnu/sys/cdefs.h:30:3:

 # error "You need a ISO C conforming compiler to use the glibc headers"
   1~~~~
Error: #error "You need a ISO C conforming compiler to use the glibc headers"
/usr/include/x86_64-linux-gnu/gnu/stubs.h:8:2:

 #endif
  1~~~~           
Fatal Error: gnu/stubs-32.h: No such file or directory
compilation terminated.
configure:8937: $? = 1
configure: failed program was:
| /* confdefs.h */
| #define PACKAGE_NAME "AGWX"
| #define PACKAGE_TARNAME "agwx"
| #define PACKAGE_VERSION "2.0.0"
| #define PACKAGE_STRING "AGWX 2.0.0"
| #define PACKAGE_BUGREPORT ""
| #define PACKAGE_URL ""
| #define POINTER_SIZE 8
| #define F77_FUNC(name,NAME) name ## _
| #define F77_FUNC_(name,NAME) name ## _
| /* end confdefs.h.  */
| #include <stddef.h>
| #ifdef HAVE_STDIO_H
| # include <stdio.h>
| #endif
| #ifdef HAVE_STDLIB_H
| # include <stdlib.h>
| #endif
| #ifdef HAVE_STRING_H
| # include <string.h>
| #endif
| #ifdef HAVE_INTTYPES_H
| # include <inttypes.h>
| #endif
| #ifdef HAVE_STDINT_H
| # include <stdint.h>
| #endif
| #ifdef HAVE_STRINGS_H
| # include <strings.h>
| #endif
| #ifdef HAVE_SYS_TYPES_H
| # include <sys/types.h>
| #endif
| #ifdef HAVE_SYS_STAT_H
| # include <sys/stat.h>
| #endif
| #ifdef HAVE_UNISTD_H
| # include <unistd.h>
| #endif
| #include <unistd.h>
configure:8937: result: no
configure:8967: checking FFT
configure:9408: checking for DftiComputeForward in -lmkl_intel_lp64
configure:9439: cc -o conftest -O3 -O3  -g -pthread  conftest.c -lmkl_intel_lp64  -lblas  -lm  >&5
/usr/bin/ld: cannot find -lmkl_intel_lp64
collect2: error: ld returned 1 exit status
configure:9439: $? = 1
configure: failed program was:
| /* confdefs.h */
| #define PACKAGE_NAME "AGWX"
| #define PACKAGE_TARNAME "agwx"
| #define PACKAGE_VERSION "2.0.0"
| #define PACKAGE_STRING "AGWX 2.0.0"
| #define PACKAGE_BUGREPORT ""
| #define PACKAGE_URL ""
| #define POINTER_SIZE 8
| #define F77_FUNC(name,NAME) name ## _
| #define F77_FUNC_(name,NAME) name ## _
| /* end confdefs.h.  */
| 
| /* Override any GCC internal prototype to avoid an error.
|    Use char because int might match the return type of a GCC
|    builtin and then its argument prototype would still apply.  */
| char DftiComputeForward ();
| #ifdef F77_DUMMY_MAIN
| 
| #  ifdef __cplusplus
|      extern "C"
| #  endif
|    int F77_DUMMY_MAIN() { return 1; }
| 
| #endif
| int
| main (void)
| {
| return DftiComputeForward ();
|   ;
|   return 0;
| }
configure:9449: result: no
configure:9605: checking for library containing dfftw_execute_dft
configure:9625: gfortran -o conftest -O3 -g  -x f95-cpp-input  -g -pthread  conftest.f  >&5
/tmp/cc8ilQaa.o: In function `MAIN__':
/home/apintus/GBHS/conftest.f:2: undefined reference to `dfftw_execute_dft_'
collect2: error: ld returned 1 exit status
configure:9625: $? = 1
configure: failed program was:
|       program main
|       call dfftw_execute_dft
|       end
configure:9625: gfortran -o conftest -O3 -g  -x f95-cpp-input  -g -pthread  conftest.f -lfftw3 -lm  >&5
/usr/bin/ld: cannot find -lfftw3
collect2: error: ld returned 1 exit status
configure:9625: $? = 1
configure: failed program was:
|       program main
|       call dfftw_execute_dft
|       end
configure:9645: result: no
configure:9605: checking for library containing dfftw_execute_dft
configure:9625: gfortran -o conftest -O3 -g  -x f95-cpp-input  -g -pthread -L/usr/local/lib conftest.f  >&5
/tmp/ccOQRP6j.o: In function `MAIN__':
/home/apintus/GBHS/conftest.f:2: undefined reference to `dfftw_execute_dft_'
collect2: error: ld returned 1 exit status
configure:9625: $? = 1
configure: failed program was:
|       program main
|       call dfftw_execute_dft
|       end
configure:9625: gfortran -o conftest -O3 -g  -x f95-cpp-input  -g -pthread -L/usr/local/lib conftest.f -lfftw3 -lm  >&5
/usr/bin/ld: cannot find -lfftw3
collect2: error: ld returned 1 exit status
configure:9625: $? = 1
configure: failed program was:
|       program main
|       call dfftw_execute_dft
|       end
configure:9645: result: no
configure:9691: result: 
configure:9720: checking MASS
configure:9975: result: 
configure:10006: checking for library containing mpi_init
configure:10026: mpif90 -o conftest -O3 -g  -x f95-cpp-input -g -pthread conftest.f  >&5
configure:10026: $? = 0
configure:10046: result: none required
configure:10129: checking for library containing pdgemr2d
configure:10149: mpif90 -o conftest -O3 -g  -x f95-cpp-input -g -pthread conftest.f  >&5
/tmp/ccgntNsG.o: In function `MAIN__':
/home/apintus/GBHS/conftest.f:2: undefined reference to `pdgemr2d_'
collect2: error: ld returned 1 exit status
configure:10149: $? = 1
configure: failed program was:
|       program main
|       call pdgemr2d
|       end
configure:10149: mpif90 -o conftest -O3 -g  -x f95-cpp-input -g -pthread conftest.f  >&5
/tmp/ccCy5LPJ.o: In function `MAIN__':
/home/apintus/GBHS/conftest.f:2: undefined reference to `pdgemr2d_'
collect2: error: ld returned 1 exit status
configure:10149: $? = 1
configure: failed program was:
|       program main
|       call pdgemr2d
|       end
configure:10169: result: no
configure:10248: checking for library containing pdgemr2d
configure:10268: mpif90 -o conftest -O3 -g  -x f95-cpp-input -g -pthread conftest.f  -lsci >&5
/usr/bin/ld: cannot find -lsci
collect2: error: ld returned 1 exit status
configure:10268: $? = 1
configure: failed program was:
|       program main
|       call pdgemr2d
|       end
configure:10268: mpif90 -o conftest -O3 -g  -x f95-cpp-input -g -pthread conftest.f  -lsci >&5
/usr/bin/ld: cannot find -lsci
collect2: error: ld returned 1 exit status
configure:10268: $? = 1
configure: failed program was:
|       program main
|       call pdgemr2d
|       end
configure:10288: result: no
configure:10304: checking for library containing pdgemr2d
configure:10324: mpif90 -o conftest -O3 -g  -x f95-cpp-input  conftest.f  -lscalapack >&5
/usr/bin/ld: cannot find -lscalapack
collect2: error: ld returned 1 exit status
configure:10324: $? = 1
configure: failed program was:
|       program main
|       call pdgemr2d
|       end
configure:10324: mpif90 -o conftest -O3 -g  -x f95-cpp-input  conftest.f  -lscalapack >&5
/usr/bin/ld: cannot find -lscalapack
collect2: error: ld returned 1 exit status
configure:10324: $? = 1
configure: failed program was:
|       program main
|       call pdgemr2d
|       end
configure:10344: result: no
configure:10361: checking for library containing pdgemr2d
configure:10381: mpif90 -o conftest -O3 -g  -x f95-cpp-input  conftest.f  -lscalapack -lblacs -lblacsF77init -lblacs >&5
/usr/bin/ld: cannot find -lscalapack
/usr/bin/ld: cannot find -lblacs
/usr/bin/ld: cannot find -lblacsF77init
/usr/bin/ld: cannot find -lblacs
collect2: error: ld returned 1 exit status
configure:10381: $? = 1
configure: failed program was:
|       program main
|       call pdgemr2d
|       end
configure:10381: mpif90 -o conftest -O3 -g  -x f95-cpp-input  conftest.f  -lscalapack -lblacs -lblacsF77init -lblacs >&5
/usr/bin/ld: cannot find -lscalapack
/usr/bin/ld: cannot find -lblacs
/usr/bin/ld: cannot find -lblacsF77init
/usr/bin/ld: cannot find -lblacs
collect2: error: ld returned 1 exit status
configure:10381: $? = 1
configure: failed program was:
|       program main
|       call pdgemr2d
|       end
configure:10401: result: no
configure:10420: checking for library containing pdgemr2d
configure:10440: mpif90 -o conftest -O3 -g  -x f95-cpp-input  conftest.f  -L/bgsys/local/scalapack/lib -lscalapack -L/bgsys/local/blacs/lib -lblacs -lblacsF77init -lblacs >&5
/usr/bin/ld: cannot find -lscalapack
/usr/bin/ld: cannot find -lblacs
/usr/bin/ld: cannot find -lblacsF77init
/usr/bin/ld: cannot find -lblacs
collect2: error: ld returned 1 exit status
configure:10440: $? = 1
configure: failed program was:
|       program main
|       call pdgemr2d
|       end
configure:10440: mpif90 -o conftest -O3 -g  -x f95-cpp-input  conftest.f  -L/bgsys/local/scalapack/lib -lscalapack -L/bgsys/local/blacs/lib -lblacs -lblacsF77init -lblacs >&5
/usr/bin/ld: cannot find -lscalapack
/usr/bin/ld: cannot find -lblacs
/usr/bin/ld: cannot find -lblacsF77init
/usr/bin/ld: cannot find -lblacs
collect2: error: ld returned 1 exit status
configure:10440: $? = 1
configure: failed program was:
|       program main
|       call pdgemr2d
|       end
configure:10460: result: no
configure:10494: checking ELPA
configure:10571: result: 
configure:10848: checking for ranlib
configure:10869: found /usr/bin/ranlib
configure:10881: result: ranlib
configure:10907: checking for wget
configure:10928: found /usr/bin/wget
configure:10939: result: wget -O
configure:11291: creating ./config.status

## ---------------------- ##
## Running config.status. ##
## ---------------------- ##

This file was extended by AGWX config.status 2.0.0, which was
generated by GNU Autoconf 2.71.  Invocation command line was

  CONFIG_FILES    = 
  CONFIG_HEADERS  = 
  CONFIG_LINKS    = 
  CONFIG_COMMANDS = 
  $ ./config.status 

on doncamillo

config.status:860: creating install/make_blas.inc
config.status:860: creating install/make_lapack.inc
config.status:860: creating include/configure.h
config.status:860: creating include/fft_defs.h
config.status:860: creating make.inc
config.status:860: creating configure.msg
config.status:860: creating install/make_iotk.inc
config.status:860: creating include/c_defs.h
config.status:1015: include/c_defs.h is unchanged

## ---------------- ##
## Cache variables. ##
## ---------------- ##

ac_cv_build=x86_64-unknown-linux-gnu
ac_cv_c_compiler_gnu=yes
ac_cv_env_CC_set=
ac_cv_env_CC_value=
ac_cv_env_CFLAGS_set=
ac_cv_env_CFLAGS_value=
ac_cv_env_CPPFLAGS_set=
ac_cv_env_CPPFLAGS_value=
ac_cv_env_EXTLIB_FLAGS_set=
ac_cv_env_EXTLIB_FLAGS_value=
ac_cv_env_F77_set=
ac_cv_env_F77_value=
ac_cv_env_FCFLAGS_set=
ac_cv_env_FCFLAGS_value=
ac_cv_env_FC_set=
ac_cv_env_FC_value=
ac_cv_env_FFLAGS_set=
ac_cv_env_FFLAGS_value=
ac_cv_env_LDFLAGS_set=
ac_cv_env_LDFLAGS_value=
ac_cv_env_LIBS_set=
ac_cv_env_LIBS_value=
ac_cv_env_build_alias_set=
ac_cv_env_build_alias_value=
ac_cv_env_host_alias_set=
ac_cv_env_host_alias_value=
ac_cv_env_target_alias_set=
ac_cv_env_target_alias_value=
ac_cv_f77_compiler_gnu=yes
ac_cv_f77_dummy_main=none
ac_cv_f77_libs=' -L/usr/lib/gcc/x86_64-linux-gnu/7 -L/usr/lib/gcc/x86_64-linux-gnu/7/../../../x86_64-linux-gnu -L/usr/lib/gcc/x86_64-linux-gnu/7/../../../../lib -L/lib/x86_64-linux-gnu -L/lib/../lib -L/usr/lib/x86_64-linux-gnu -L/usr/lib/../lib -L/usr/lib/gcc/x86_64-linux-gnu/7/../../.. -lgfortran -lm -lquadmath'
ac_cv_f77_mangling='lower case, underscore, no extra underscore'
ac_cv_fc_compiler_gnu=yes
ac_cv_fc_srcext_f90=none
ac_cv_fortran_dummy_main=none
ac_cv_header_inttypes_h=no
ac_cv_header_stdint_h=no
ac_cv_header_stdio_h=no
ac_cv_header_stdlib_h=no
ac_cv_header_string_h=no
ac_cv_header_strings_h=no
ac_cv_header_sys_stat_h=no
ac_cv_header_sys_types_h=no
ac_cv_header_unistd_h=no
ac_cv_host=x86_64-unknown-linux-gnu
ac_cv_lib_mkl_intel_lp64_DftiComputeForward=no
ac_cv_objext=o
ac_cv_prog_ac_ct_CC=cc
ac_cv_prog_ac_ct_F77=f77
ac_cv_prog_ac_ct_FC=mpif90
ac_cv_prog_cc_c11=
ac_cv_prog_cc_g=yes
ac_cv_prog_cc_stdc=
ac_cv_prog_f77_g=yes
ac_cv_prog_f77_v=-v
ac_cv_prog_fc_g=yes
ac_cv_prog_make_make_set=yes
ac_cv_prog_ranlib=ranlib
ac_cv_prog_wget='wget -O'
ac_cv_search_dfftw_execute_dft=no
ac_cv_search_dgemm=-lblas
ac_cv_search_dspev=-llapack
ac_cv_search_mpi_init='none required'
ac_cv_search_pdgemr2d=no

## ----------------- ##
## Output variables. ##
## ----------------- ##

CC='cc'
CFLAGS='-O3'
CPPFLAGS='-O3'
Configured for compilation of parallel executables.'
DEFS='-DHAVE_CONFIG_H'
ECHO_C=''
ECHO_N='-n'
ECHO_T=''
EXEEXT=''
EXTLIB_FLAGS=''
F77='mpif90'
FC='mpif90'
FCFLAGS=''
FCFLAGS_f90=''
FFLAGS='-O3 -g  -x f95-cpp-input'
FLIBS=' -L/usr/lib/gcc/x86_64-linux-gnu/7 -L/usr/lib/gcc/x86_64-linux-gnu/7/../../../x86_64-linux-gnu -L/usr/lib/gcc/x86_64-linux-gnu/7/../../../../lib -L/lib/x86_64-linux-gnu -L/lib/../lib -L/usr/lib/x86_64-linux-gnu -L/usr/lib/../lib -L/usr/lib/gcc/x86_64-linux-gnu/7/../../.. -lgfortran -lm -lquadmath'
LDFLAGS=''
LIBOBJS=''
LIBS=' -L/bgsys/local/scalapack/lib -lscalapack -L/bgsys/local/blacs/lib -lblacs -lblacsF77init -lblacs'
LTLIBOBJS=''
OBJEXT='o'
PACKAGE_BUGREPORT=''
PACKAGE_NAME='AGWX'
PACKAGE_STRING='AGWX 2.0.0'
PACKAGE_TARNAME='agwx'
PACKAGE_URL=''
PACKAGE_VERSION='2.0.0'
PATH_SEPARATOR=':'
SET_MAKE=''
SHELL='/bin/bash'
SIZEOF_INT_P='8'
ac_ct_CC='cc'
ac_ct_F77='f77'
ac_ct_FC='mpif90'
ar='ar'
arch='x86_64'
arflags='ruv'
bindir='${exec_prefix}/bin'
blas_libs=' -lblas '
blas_libs_switch='external'
blas_line='BLAS_LIBS= -lblas '
build='x86_64-unknown-linux-gnu'
build_alias=''
build_cpu='x86_64'
build_os='linux-gnu'
build_vendor='unknown'
cc='cc'
cflags='-O3'
cpp='cpp'
cppflags='-P -traditional'
datadir='${datarootdir}'
datarootdir='${prefix}/share'
dflags=' -D__FFTW -D__MPI'
docdir='${datarootdir}/doc/${PACKAGE_TARNAME}'
dvidir='${docdir}'
elpa_libs=''
elpa_line='@delete@'
exec_prefix='${prefix}'
extlib_flags=''
f77='f77'
f90='gfortran'
f90flags='$(FFLAGS) -x f95-cpp-input'
f90rule='$(MPIF90) $(F90FLAGS) -c $<'
fdflags='$(DFLAGS) $(MANUAL_DFLAGS)'
fflags='-O3 -g'
fflags_nomain=''
fflags_noopt='-O0 -g'
fft_libs=''
fft_line='FFT_LIBS='
hdf5_libs=''
hdf5_line=''
host='x86_64-unknown-linux-gnu'
host_alias=''
host_cpu='x86_64'
host_os='linux-gnu'
host_vendor='unknown'
htmldir='${docdir}'
iflags='-I$(TOPDIR)/include -I../../include/'
imod='-I'
includedir='${prefix}/include'
infodir='${datarootdir}/info'
lapack_libs=' -llapack  -lblas '
lapack_libs_switch='external'
lapack_line='LAPACK_LIBS= -llapack  -lblas '
ld='mpif90'
ld_libs=''
ldflags='-g -pthread'
libdir='${exec_prefix}/lib'
libexecdir='${exec_prefix}/libexec'
localedir='${datarootdir}/locale'
localstatedir='${prefix}/var'
mandir='${datarootdir}/man'
mass_libs=''
mass_line='@delete@'
mpi_libs=''
mpi_line='@delete@'
mpif90='mpif90'
oldincludedir='/usr/include'
parallel_report='Parallel environment detected successfully.\
pdfdir='${docdir}'
pre_fdflags=''
prefix='/usr/local'
program_transform_name='s,x,x,'
psdir='${docdir}'
pyconfig=''
pyincludes=''
pyldflags=''
ranlib='ranlib'
runstatedir='${localstatedir}/run'
sbindir='${exec_prefix}/sbin'
scalapack_libs=''
scalapack_line='@delete@'
sharedstatedir='${prefix}/com'
sysconfdir='${prefix}/etc'
target_alias=''
topdir='/home/apintus/GBHS'
wget='wget -O'

## ----------- ##
## confdefs.h. ##
## ----------- ##

/* confdefs.h */
#define PACKAGE_NAME "AGWX"
#define PACKAGE_TARNAME "agwx"
#define PACKAGE_VERSION "2.0.0"
#define PACKAGE_STRING "AGWX 2.0.0"
#define PACKAGE_BUGREPORT ""
#define PACKAGE_URL ""
#define POINTER_SIZE 8
#define F77_FUNC(name,NAME) name ## _
#define F77_FUNC_(name,NAME) name ## _

configure: exit 0
